Stack_size = 10000000 bytes, [0x7ffca476f490,0x7ffca3de5e10]
align failed: (("_" "p" "a" "u" "s" "e") nil (pau))
align failed: (("a" "ð" "h" "l" "y" "n" "n" "i" "n" "g" "a" "r") nil (a:1 D l_0 l I1 n i1 N k a1 r))
align failed: (("b" "a" "n" "n" "l" "ö" "g" "i" "n") nil (p a1 n l ai1 j I1 n))
align failed: (("b" "a" "r" "n" "g" "ó" "ð" "u" "r") nil (p a:1 r N N k ou1 D Y r))
align failed: (("b" "j" "ö" "r" "g" "u" "n" "a" "r" "a" "ð" "g" "e" "r" "ð" "u" "m") nil (p j 9 r D Y n a1 r a1 D c E1 r D Y m))
align failed: (("b" "j" "ö" "r" "g" "u" "n" "a" "r" "a" "ð" "g" "e" "r" "ð" "u" "n" "u" "m") nil (p j 9 r D Y n a1 r a1 D c E1 r D O1 n Y m))
align failed: (("b" "ú" "h" "n" "y" "k" "k") nil (p u1 r_0 I1 h k))
align failed: (("b" "ú" "h" "n" "y" "k" "k" "u" "r") nil (p u1 r_0 I1 h k Y r))
align failed: (("c" "h" "a" "n" "t" "a" "l") nil (au:1 h a1 n t_h a1 l))
align failed: (("f" "j" "a" "l" "l" "a" "f" "é") nil (f j a1 t l a1 f j a1 t l a1 f j E1 t l a1 f j E1))
align failed: (("f" "l" "a" "u" "e" "l" "i") nil (f l 9i: Y E1 l I1))
align failed: (("f" "l" "j" "ó" "t" "s" "h" "n" "j" "ú" "k") nil (f l j ou1 t s n_0 n j u1 k))
align failed: (("f" "l" "u" "g" "k" "e" "n" "n" "a" "r" "a") nil (f l Y h c_h E1 n a1 r a1))
align failed: (("f" "l" "u" "g" "k" "e" "n" "n" "a" "r" "a" "n" "n") nil (f l Y h c_h E1 n a1 r a1 n))
align failed: (("f" "l" "u" "g" "k" "e" "n" "n" "a" "r" "a" "n" "s") nil (f l Y h c_h E1 n a1 r a1 n s))
align failed: (("f" "l" "u" "g" "k" "e" "n" "n" "a" "r" "a" "r") nil (f l Y h c_h E1 n a1 r a1 r))
align failed: (("f" "l" "u" "g" "k" "e" "n" "n" "a" "r" "i") nil (f l Y h c_h E1 n a1 r I1))
align failed: (("f" "l" "u" "g" "k" "e" "n" "n" "a" "r" "i" "n" "n") nil (f l Y h c_h E1 n a1 r I1 n))
align failed: (("f" "é" "l" "ö" "g" "i" "n") nil (f j E:1 l ai1 j I1 n))
align failed: (("g" "u" "ð" "a" "m" "y" "n" "d" "i" "r" "n" "a" "r") nil (k v D a1 m I1 n t I1 r t n a1 r))
align failed: (("h" "a" "u" "g" "a" "l" "y" "g" "i") nil (h 9i: G a1 l ai1 j I1))
align failed: (("i" "n" "n" "k" "e" "y" "r" "s" "l" "u" "n" "n" "i") nil (I1 n c_h c_h ei1 r_0 s t l Y n I1))
align failed: (("k" "j" "u" "ð" "a" "n" "u" "m") nil (c_h a:1 D a1 n Y m))
align failed: (("k" "o" "l" "t" "v" "í" "o" "x" "í" "ð" "i" "ð") nil (k_h O1 l_0 t v i1 D s i1 D I1 D))
align failed: (("k" "v" "e" "n" "f" "é" "l" "ö" "g" "i" "n") nil (k_h v E1 n f j E1 l ai1 j I1 n))
align failed: (("k" "v" "e" "n" "m" "a" "n" "n" "s" "n" "ö" "f" "n" "i" "n") nil (k_h v E1 n m a1 n m a1 n s t n 9 p n I1 n))
align failed: (("k" "v" "í" "a" "n" "n" "a") nil (k_h v i:1 i1 a1 n a1))
align failed: (("l" "e" "i" "ð" "t" "o" "g" "i") nil (l ei1 D t_h Yi j I1))
align failed: (("l" "e" "i" "ð" "t" "o" "g" "i" "n" "n") nil (l ei1 D t_h Yi j I1 n))
align failed: (("l" "o" "u" "i" "s") nil (l 9i: Y I1 s))
align failed: (("l" "o" "u" "i" "s" "a") nil (l 9i: Y I1 s a1))
align failed: (("l" "o" "u" "i" "s" "u") nil (l 9i: Y I1 s Y))
align failed: (("l" "u" "c" "a") nil (l Y: G a1))
align failed: (("l" "é" "k" "u") nil (l j k Y))
align failed: (("l" "é" "t") nil (l j t))
align failed: (("l" "ö" "g" "i" "n") nil (l ai1 j I1 n))
align failed: (("n" "o" "e" "l") nil (n O:1 O1 E1 l))
align failed: (("n" "o" "r" "ð" "a" "u" "s" "t" "u" "r" "k" "j" "ö" "r" "d" "æ" "m" "i") nil (n O1 r D 9i s t Y r_0 c 9 r D 9i s t Y r_0 c 9 r D 9i s t Y r_0 c 9 r D 9i s t Y r_0 c 9 r D 9i s t Y r_0 c 9 r D 9i s t Y r_0 c 9 r D 9i s t Y r_0 c 9 r D 9i s t Y r_0 c 9 r D 9i s t Y r_0 c 9 r D 9i s t Y r_0 c 9 r D 9i s t Y r_0 c 9 r D 9i s t Y r_0 c 9 r D 9i s t Y r_0 c 9 r D 9i s t Y r_0 c 9 r D 9i s t Y r_0 c 9 r D 9i s t Y r_0 c 9 r D 9i s t Y r_0 c 9 r D 9i s t Y r_0 c 9 r D 9i s t Y r_0 c 9 r D 9i s t Y r_0 c 9 r D 9i s t Y r_0 c 9 r D 9i s t Y r_0 c 9))
align failed: (("n" "ú" "n" "a") nil (n u:1 n u1 n a1))
align failed: (("o" "l" "í" "u" "f" "é" "l" "ö" "g" "i" "n") nil (O:1 l i1 j Y f j E1 l ai1 j I1 n))
align failed: (("p" "u" "l" "i" "t" "z" "e" "r") nil (p_h Y: l I1 t c E1 r))
align failed: (("p" "ö" "n" "t" "u" "n" "a" "r" "f" "é" "l" "ö" "g" "i" "n") nil (p_h 9 n_0 t Y n a1 r_0 f j E1 l ai1 j I1 n))
align failed: (("r" "e" "i" "p" "t" "o" "g" "i") nil (r ei:1 p t_h Yi j I1))
align failed: (("r" "í" "k" "h" "a" "r" "ð" "s" "d" "ó" "t" "t" "i" "r") nil (r i1 h h a1 r D s t ou1 h t I1 r))
align failed: (("r" "ó" "m" "e" "ó") nil (r ou:1 m E1 m E1 ou1))
align failed: (("s" "a" "l" "t" "p" "é" "t" "u" "r") nil (s a1 l_0 t p_h j t Y r))
align failed: (("s" "k" "æ" "k" "l" "a" "t" "o" "g" "i") nil (s c ai1 h k l a1 t_h Yi j I1))
align failed: (("s" "l" "o" "k" "a" "ð") nil (s t O:1 k a1 D))
align failed: (("s" "l" "ö" "k" "u" "ð" "u" "m") nil (s t 9: k Y D Y m))
align failed: (("s" "v" "e" "i" "t" "a" "r" "f" "é" "l" "ö" "g" "i" "n") nil (s v ei:1 t a1 r_0 f j E1 l ai1 j I1 n))
align failed: (("t" "e" "k" "j" "u" "s" "k" "a" "t" "t" "s" "l" "ö" "g" "i" "n") nil (t_h E:1 c Y s k a1 h t s t l ai1 j I1 n))
align failed: (("t" "o" "g" "i") nil (t_h Yi j I1))
align failed: (("t" "o" "g" "i" "n" "u") nil (t_h Yi j I1 n Y))
align failed: (("t" "o" "g" "i" "ð") nil (t_h Yi j I1 D))
align failed: (("t" "r" "y" "g" "g" "i" "n" "g" "a" "f" "é" "l" "ö" "g" "i" "n") nil (t_h r I1 c i1 N k a1 f j E1 l ai1 j I1 n))
align failed: (("u" "t" "a" "n" "b" "o" "r" "ð" "s" "m" "ó" "t" "o" "r") nil (a:1 t a1 n p O1 r D s m ou1 t O1 r))
align failed: (("u" "t" "a" "n" "b" "æ" "j" "a" "r" "m" "ö" "n" "n" "u" "m") nil (a:1 t a1 n p ai1 j a1 r m 9 n Y m))
align failed: (("v" "a" "t" "n") nil (v a1 s))
align failed: (("v" "e" "r" "k" "a" "l" "ý" "ð" "s" "l" "e" "i" "ð" "t" "o" "g" "i") nil (v E1 r_0 k a1 l i1 D s t l ei1 D t_h Yi j I1))
align failed: (("v" "e" "r" "k" "a" "l" "ý" "ð" "s" "l" "e" "i" "ð" "t" "o" "g" "i" "n" "n") nil (v E1 r_0 k a1 l i1 D s t l ei1 D t_h Yi j I1 n))
align failed: (("v" "í" "d" "e" "ó") nil (v i:1 t E1 t E1))
align failed: (("á" "k" "v" "a" "ð") nil (au:1 h v a1 D))
align failed: (("á" "k" "v" "e" "ð" "i" "ð") nil (au:1 h v E1 D I1 D))
align failed: (("é" "t" "a") nil (j t a1))
align failed: (("é" "t" "i" "ð") nil (j t I1 D))
align failed: (("ó" "s" "k" "a" "l" "ö" "g" "i" "n") nil (ou1 s k a1 l ai1 j I1 n))
align failed: (("ö" "k" "u" "t" "æ" "k" "j" "u" "m") nil (9: G Y t_h ai1 c Y m))
align failed: (("ö" "r" "l" "ö" "g" "i" "n") nil (9 r l ai1 j I1 n))
align failed: (("þ" "u" "r" "í" "ð" "a" "r") nil (T ai:1 r i1 D a1 r))
align failed: (("þ" "u" "r" "í" "ð" "u" "r") nil (T ai:1 r i1 D Y r))
align failed: (("þ" "é" "r") nil (T j j r))
